{"C:\\Users\\monx_\\Documents\\vsCode\\react\\06-heroes-spa\\src\\auth\\context\\authReducer.js": {"path":"C:\\Users\\monx_\\Documents\\vsCode\\react\\06-heroes-spa\\src\\auth\\context\\authReducer.js","statementMap":{"0":{"start":{"line":3,"column":21},"end":{"line":5,"column":1}},"1":{"start":{"line":8,"column":27},"end":{"line":27,"column":1}},"2":{"start":{"line":10,"column":4},"end":{"line":26,"column":5}},"3":{"start":{"line":13,"column":12},"end":{"line":17,"column":14}},"4":{"start":{"line":20,"column":12},"end":{"line":22,"column":14}},"5":{"start":{"line":25,"column":12},"end":{"line":25,"column":25}}},"fnMap":{"0":{"name":"(anonymous_0)","decl":{"start":{"line":8,"column":27},"end":{"line":8,"column":28}},"loc":{"start":{"line":8,"column":62},"end":{"line":27,"column":1}},"line":8}},"branchMap":{"0":{"loc":{"start":{"line":8,"column":29},"end":{"line":8,"column":49}},"type":"default-arg","locations":[{"start":{"line":8,"column":37},"end":{"line":8,"column":49}}],"line":8},"1":{"loc":{"start":{"line":10,"column":4},"end":{"line":26,"column":5}},"type":"switch","locations":[{"start":{"line":11,"column":8},"end":{"line":17,"column":14}},{"start":{"line":19,"column":8},"end":{"line":22,"column":14}},{"start":{"line":24,"column":8},"end":{"line":25,"column":25}}],"line":10}},"s":{"0":1,"1":1,"2":3,"3":1,"4":1,"5":1},"f":{"0":3},"b":{"0":[0],"1":[1,1,1]},"_coverageSchema":"1a1c01bbd47fc00a2c39e90264f33305004495a9","hash":"fa4e436749fea7c9f4a1c89054e6a0b7e49515d7"}
,"C:\\Users\\monx_\\Documents\\vsCode\\react\\06-heroes-spa\\src\\auth\\types\\types.js": {"path":"C:\\Users\\monx_\\Documents\\vsCode\\react\\06-heroes-spa\\src\\auth\\types\\types.js","statementMap":{"0":{"start":{"line":1,"column":21},"end":{"line":4,"column":1}}},"fnMap":{},"branchMap":{},"s":{"0":1},"f":{},"b":{},"_coverageSchema":"1a1c01bbd47fc00a2c39e90264f33305004495a9","hash":"2488edb19a5acac66b990b848b0d50522dce6ab5"}
}
